<?xml version="1.0" encoding="UTF-8"?>
<!-- Generated by org.testng.reporters.JUnitReportReporter -->
<testsuite hostname="DESKTOP-CAA1M5H" failures="0" tests="1" name="ninzaLogin.LoginTest" time="6.987" errors="0" timestamp="2025-04-04T20:22:09 IST" skipped="0">
  <testcase classname="ninzaLogin.LoginTest" name="loginTest" time="6.987"/>
</testsuite> <!-- ninzaLogin.LoginTest -->
