<?xml version="1.0" encoding="UTF-8"?>
<!-- Generated by org.testng.reporters.JUnitReportReporter -->
<testsuite hostname="DESKTOP-CAA1M5H" failures="0" tests="1" name="ninzaLogin.LoginTest_testNG" time="9.273" errors="0" timestamp="2025-04-02T20:43:20 IST" skipped="0">
  <testcase classname="ninzaLogin.LoginTest_testNG" name="loginTest" time="9.273"/>
  <system-out>
    <![CDATA[CampaignCAM_1242 added successsfully ]]>
  </system-out>
</testsuite> <!-- ninzaLogin.LoginTest_testNG -->
