<?xml version="1.0" encoding="UTF-8"?>
<!-- Generated by org.testng.reporters.JUnitReportReporter -->
<testsuite hostname="DESKTOP-CAA1M5H" failures="0" tests="1" name="contactPage.CreateContactWithCampaignTest_testNG" time="25.357" errors="0" timestamp="2025-04-02T20:43:20 IST" skipped="0">
  <testcase classname="contactPage.CreateContactWithCampaignTest_testNG" name="createContactWithCampaignTest" time="25.357">
    <system-out>
      <![CDATA[CampaignCAM_1242 added successsfully ]]>
    </system-out>
  </testcase> <!-- createContactWithCampaignTest -->
  <system-out>
    <![CDATA[CampaignCAM_1242 added successsfully ]]>
  </system-out>
</testsuite> <!-- contactPage.CreateContactWithCampaignTest_testNG -->
