<?xml version="1.0" encoding="UTF-8"?>
<!-- Generated by org.testng.reporters.JUnitReportReporter -->
<testsuite hostname="DESKTOP-CAA1M5H" failures="0" tests="1" name="product.AddProductTest" time="8.887" errors="0" timestamp="2025-04-04T21:07:26 IST" skipped="0">
  <testcase classname="product.AddProductTest" name="addProductTest" time="8.887"/>
  <system-out>
    <![CDATA[CampaignCAM_1254 added successsfully ]]>
  </system-out>
</testsuite> <!-- product.AddProductTest -->
