<?xml version="1.0" encoding="UTF-8"?>
<!-- Generated by org.testng.reporters.JUnitReportReporter -->
<testsuite hostname="DESKTOP-CAA1M5H" failures="0" tests="2" name="campaignPage.CreateCampaignTest_testNG" time="27.138" errors="0" timestamp="2025-04-02T20:43:20 IST" skipped="0">
  <testcase classname="campaignPage.CreateCampaignTest_testNG" name="createCampaign" time="15.041"/>
  <testcase classname="campaignPage.CreateCampaignTest_testNG" name="createCampaignWithDateTest" time="12.097"/>
  <system-out>
    <![CDATA[CampaignCAM_1242 added successsfully ]]>
  </system-out>
</testsuite> <!-- campaignPage.CreateCampaignTest_testNG -->
