<?xml version="1.0" encoding="UTF-8"?>
<!-- Generated by org.testng.reporters.JUnitReportReporter -->
<testsuite hostname="DESKTOP-CAA1M5H" failures="0" tests="1" name="ninzaLogin.LoginTest_testNG" time="8.897" errors="0" timestamp="2025-04-01T19:21:41 IST" skipped="0">
  <testcase classname="ninzaLogin.LoginTest_testNG" name="loginTest" time="8.897"/>
  <system-out>
    <![CDATA[CampaignCAM_562 added successsfully ]]>
  </system-out>
</testsuite> <!-- ninzaLogin.LoginTest_testNG -->
