<?xml version="1.0" encoding="UTF-8"?>
<!-- Generated by org.testng.reporters.JUnitReportReporter -->
<testsuite hostname="DESKTOP-CAA1M5H" failures="0" tests="1" name="product.AddProductTest_testNG" time="12.517" errors="0" timestamp="2025-04-02T20:43:20 IST" skipped="0">
  <testcase classname="product.AddProductTest_testNG" name="addProductTest" time="12.517"/>
  <system-out>
    <![CDATA[CampaignCAM_1242 added successsfully ]]>
  </system-out>
</testsuite> <!-- product.AddProductTest_testNG -->
