<?xml version="1.0" encoding="UTF-8"?>
<!-- Generated by org.testng.reporters.JUnitReportReporter -->
<testsuite hostname="DESKTOP-CAA1M5H" failures="0" tests="2" name="campaignPage.CreateCampaignTest_testNG" time="22.666" errors="0" timestamp="2025-04-01T19:21:41 IST" skipped="0">
  <testcase classname="campaignPage.CreateCampaignTest_testNG" name="createCampaignTest" time="12.638"/>
  <testcase classname="campaignPage.CreateCampaignTest_testNG" name="createCampaignWithDateTest" time="10.028"/>
  <system-out>
    <![CDATA[CampaignCAM_562 added successsfully ]]>
  </system-out>
</testsuite> <!-- campaignPage.CreateCampaignTest_testNG -->
